TN:
SF:E:\js\vue\sample-app\src\components\Lists.vue
FN:13,(anonymous_1)
FN:17,(anonymous_2)
FN:14,(anonymous_3)
FNF:3
FNH:3
FNDA:4,(anonymous_1)
FNDA:4,(anonymous_2)
FNDA:1,(anonymous_3)
DA:10,1
DA:13,2
DA:14,2
DA:15,4
DA:18,4
LF:5
LH:5
BRF:0
BRH:0
end_of_record
TN:
SF:E:\js\vue\sample-app\src\views\Home.vue
FN:30,(anonymous_1)
FN:35,(anonymous_2)
FN:40,(anonymous_3)
FNF:3
FNH:3
FNDA:4,(anonymous_1)
FNDA:4,(anonymous_2)
FNDA:1,(anonymous_3)
DA:22,1
DA:23,1
DA:30,1
DA:31,4
DA:32,4
DA:36,4
DA:41,1
DA:42,1
LF:8
LH:8
BRF:0
BRH:0
end_of_record
